生成启动时间为 2017/9/17 12:47:51。
     1>项目“D:\My Program\0909bt_tree\0909\0909.vcxproj”在节点 2 上(Build 个目标)。
     1>ClCompile:
         D:\Microsoft Visual Studio 12.0\VC\bin\CL.exe /c /ZI /nologo /W3 /WX- /sdl /Od /Oy- /D WIN32 /D _DEBUG /D _CONSOLE /D _LIB /D _CRT_SECURE_NO_WARNINGS /D _UNICODE /D UNICODE /Gm /EHsc /RTC1 /MDd /GS /fp:precise /Zc:wchar_t /Zc:forScope /Fo"Debug\\" /Fd"Debug\vc120.pdb" /Gd /TC /analyze- /errorReport:prompt bt.c
         bt.c
     1>d:\my program\0909bt_tree\0909\bt.c(169): warning C4715: “inorder”: 不是所有的控件路径都返回值
     1>d:\my program\0909bt_tree\0909\bt.c(189): warning C4715: “firstorder”: 不是所有的控件路径都返回值
     1>d:\my program\0909bt_tree\0909\bt.c(209): warning C4715: “lastorder”: 不是所有的控件路径都返回值
     1>d:\my program\0909bt_tree\0909\bt.c(262): warning C4715: “while_firstorder”: 不是所有的控件路径都返回值
     1>d:\my program\0909bt_tree\0909\bt.c(287): warning C4715: “while_inorder”: 不是所有的控件路径都返回值
     1>d:\my program\0909bt_tree\0909\bt.c(324): warning C4715: “while_lastorder”: 不是所有的控件路径都返回值
     1>d:\my program\0909bt_tree\0909\bt.c(346): warning C4715: “findvalue”: 不是所有的控件路径都返回值
     1>d:\my program\0909bt_tree\0909\bt.c(451): warning C4715: “node_has_onechild_number”: 不是所有的控件路径都返回值
     1>d:\my program\0909bt_tree\0909\bt.c(229): warning C4716: “levelorder”: 必须返回一个值
       Link:
         D:\Microsoft Visual Studio 12.0\VC\bin\link.exe /ERRORREPORT:PROMPT /OUT:"D:\My Program\0909bt_tree\Debug\0909.exe" /INCREMENTAL /NOLOGO kernel32.lib user32.lib gdi32.lib winspool.lib comdlg32.lib advapi32.lib shell32.lib ole32.lib oleaut32.lib uuid.lib odbc32.lib odbccp32.lib /MANIFEST /MANIFESTUAC:"level='asInvoker' uiAccess='false'" /manifest:embed /DEBUG /PDB:"D:\My Program\0909bt_tree\Debug\0909.pdb" /SUBSYSTEM:CONSOLE /TLBID:1 /DYNAMICBASE /NXCOMPAT /IMPLIB:"D:\My Program\0909bt_tree\Debug\0909.lib" /MACHINE:X86 Debug\bt.obj
         Debug\main.obj
         Debug\queue.obj
         Debug\stack.obj
         0909.vcxproj -> D:\My Program\0909bt_tree\Debug\0909.exe
     1>已完成生成项目“D:\My Program\0909bt_tree\0909\0909.vcxproj”(Build 个目标)的操作。

生成成功。

已用时间 00:00:00.39
